  main.cpp
C:\Users\User\Desktop\graphics assignments\Lighting Student Version\main.cpp(204,22): warning C4305: 'initializing': truncation from 'double' to 'float'
C:\Users\User\Desktop\graphics assignments\Lighting Student Version\main.cpp(221,39): warning C4244: '=': conversion from 'double' to 'float', possible loss of data
C:\Users\User\Desktop\graphics assignments\Lighting Student Version\main.cpp(222,42): warning C4244: '=': conversion from 'double' to 'float', possible loss of data
C:\Users\User\Desktop\graphics assignments\Lighting Student Version\main.cpp(233,41): warning C4244: '=': conversion from 'double' to 'float', possible loss of data
C:\Users\User\Desktop\graphics assignments\Lighting Student Version\main.cpp(234,42): warning C4244: '=': conversion from 'double' to 'float', possible loss of data
C:\Users\User\Desktop\graphics assignments\Lighting Student Version\main.cpp(648,17): warning C4305: 'initializing': truncation from 'double' to 'float'
C:\Users\User\Desktop\graphics assignments\Lighting Student Version\main.cpp(650,17): warning C4305: 'initializing': truncation from 'double' to 'float'
C:\Users\User\Desktop\graphics assignments\Lighting Student Version\main.cpp(652,24): warning C4305: 'initializing': truncation from 'double' to 'float'
C:\Users\User\Desktop\graphics assignments\Lighting Student Version\main.cpp(653,25): warning C4305: 'initializing': truncation from 'double' to 'float'
C:\Users\User\Desktop\graphics assignments\Lighting Student Version\main.cpp(663,60): warning C4305: 'argument': truncation from 'double' to 'float'
C:\Users\User\Desktop\graphics assignments\Lighting Student Version\main.cpp(663,53): warning C4305: 'argument': truncation from 'double' to 'float'
C:\Users\User\Desktop\graphics assignments\Lighting Student Version\main.cpp(663,46): warning C4305: 'argument': truncation from 'double' to 'float'
C:\Users\User\Desktop\graphics assignments\Lighting Student Version\main.cpp(674,60): warning C4305: 'argument': truncation from 'double' to 'float'
C:\Users\User\Desktop\graphics assignments\Lighting Student Version\main.cpp(674,53): warning C4305: 'argument': truncation from 'double' to 'float'
C:\Users\User\Desktop\graphics assignments\Lighting Student Version\main.cpp(674,46): warning C4305: 'argument': truncation from 'double' to 'float'
C:\Users\User\Desktop\graphics assignments\Lighting Student Version\main.cpp(685,60): warning C4305: 'argument': truncation from 'double' to 'float'
C:\Users\User\Desktop\graphics assignments\Lighting Student Version\main.cpp(685,53): warning C4305: 'argument': truncation from 'double' to 'float'
C:\Users\User\Desktop\graphics assignments\Lighting Student Version\main.cpp(685,46): warning C4305: 'argument': truncation from 'double' to 'float'
C:\Users\User\Desktop\graphics assignments\Lighting Student Version\main.cpp(696,60): warning C4305: 'argument': truncation from 'double' to 'float'
C:\Users\User\Desktop\graphics assignments\Lighting Student Version\main.cpp(696,53): warning C4305: 'argument': truncation from 'double' to 'float'
C:\Users\User\Desktop\graphics assignments\Lighting Student Version\main.cpp(696,46): warning C4305: 'argument': truncation from 'double' to 'float'
C:\Users\User\Desktop\graphics assignments\Lighting Student Version\main.cpp(707,60): warning C4305: 'argument': truncation from 'double' to 'float'
C:\Users\User\Desktop\graphics assignments\Lighting Student Version\main.cpp(707,53): warning C4305: 'argument': truncation from 'double' to 'float'
C:\Users\User\Desktop\graphics assignments\Lighting Student Version\main.cpp(707,46): warning C4305: 'argument': truncation from 'double' to 'float'
C:\Users\User\Desktop\graphics assignments\Lighting Student Version\main.cpp(716,22): warning C4305: 'initializing': truncation from 'double' to 'float'
C:\Users\User\Desktop\graphics assignments\Lighting Student Version\main.cpp(732,60): warning C4305: 'argument': truncation from 'double' to 'float'
C:\Users\User\Desktop\graphics assignments\Lighting Student Version\main.cpp(732,53): warning C4305: 'argument': truncation from 'double' to 'float'
C:\Users\User\Desktop\graphics assignments\Lighting Student Version\main.cpp(732,46): warning C4305: 'argument': truncation from 'double' to 'float'
C:\Users\User\Desktop\graphics assignments\Lighting Student Version\main.cpp(767,60): warning C4305: 'argument': truncation from 'double' to 'float'
C:\Users\User\Desktop\graphics assignments\Lighting Student Version\main.cpp(767,53): warning C4305: 'argument': truncation from 'double' to 'float'
C:\Users\User\Desktop\graphics assignments\Lighting Student Version\main.cpp(767,46): warning C4305: 'argument': truncation from 'double' to 'float'
C:\Users\User\Desktop\graphics assignments\Lighting Student Version\main.cpp(779,56): warning C4305: 'argument': truncation from 'double' to 'float'
C:\Users\User\Desktop\graphics assignments\Lighting Student Version\main.cpp(779,51): warning C4305: 'argument': truncation from 'double' to 'float'
C:\Users\User\Desktop\graphics assignments\Lighting Student Version\main.cpp(779,46): warning C4305: 'argument': truncation from 'double' to 'float'
C:\Users\User\Desktop\graphics assignments\Lighting Student Version\main.cpp(791,60): warning C4305: 'argument': truncation from 'double' to 'float'
C:\Users\User\Desktop\graphics assignments\Lighting Student Version\main.cpp(791,53): warning C4305: 'argument': truncation from 'double' to 'float'
C:\Users\User\Desktop\graphics assignments\Lighting Student Version\main.cpp(791,46): warning C4305: 'argument': truncation from 'double' to 'float'
C:\Users\User\Desktop\graphics assignments\Lighting Student Version\main.cpp(802,59): warning C4305: 'argument': truncation from 'double' to 'float'
C:\Users\User\Desktop\graphics assignments\Lighting Student Version\main.cpp(802,52): warning C4305: 'argument': truncation from 'double' to 'float'
C:\Users\User\Desktop\graphics assignments\Lighting Student Version\main.cpp(802,46): warning C4305: 'argument': truncation from 'double' to 'float'
C:\Users\User\Desktop\graphics assignments\Lighting Student Version\main.cpp(813,60): warning C4305: 'argument': truncation from 'double' to 'float'
C:\Users\User\Desktop\graphics assignments\Lighting Student Version\main.cpp(813,53): warning C4305: 'argument': truncation from 'double' to 'float'
C:\Users\User\Desktop\graphics assignments\Lighting Student Version\main.cpp(813,46): warning C4305: 'argument': truncation from 'double' to 'float'
C:\Users\User\Desktop\graphics assignments\Lighting Student Version\main.cpp(824,60): warning C4305: 'argument': truncation from 'double' to 'float'
C:\Users\User\Desktop\graphics assignments\Lighting Student Version\main.cpp(824,53): warning C4305: 'argument': truncation from 'double' to 'float'
C:\Users\User\Desktop\graphics assignments\Lighting Student Version\main.cpp(824,46): warning C4305: 'argument': truncation from 'double' to 'float'
C:\Users\User\Desktop\graphics assignments\Lighting Student Version\main.cpp(835,60): warning C4305: 'argument': truncation from 'double' to 'float'
C:\Users\User\Desktop\graphics assignments\Lighting Student Version\main.cpp(835,53): warning C4305: 'argument': truncation from 'double' to 'float'
C:\Users\User\Desktop\graphics assignments\Lighting Student Version\main.cpp(835,46): warning C4305: 'argument': truncation from 'double' to 'float'
C:\Users\User\Desktop\graphics assignments\Lighting Student Version\main.cpp(847,60): warning C4305: 'argument': truncation from 'double' to 'float'
C:\Users\User\Desktop\graphics assignments\Lighting Student Version\main.cpp(847,53): warning C4305: 'argument': truncation from 'double' to 'float'
C:\Users\User\Desktop\graphics assignments\Lighting Student Version\main.cpp(847,46): warning C4305: 'argument': truncation from 'double' to 'float'
C:\Users\User\Desktop\graphics assignments\Lighting Student Version\main.cpp(858,60): warning C4305: 'argument': truncation from 'double' to 'float'
C:\Users\User\Desktop\graphics assignments\Lighting Student Version\main.cpp(858,53): warning C4305: 'argument': truncation from 'double' to 'float'
C:\Users\User\Desktop\graphics assignments\Lighting Student Version\main.cpp(858,46): warning C4305: 'argument': truncation from 'double' to 'float'
C:\Users\User\Desktop\graphics assignments\Lighting Student Version\main.cpp(869,60): warning C4305: 'argument': truncation from 'double' to 'float'
C:\Users\User\Desktop\graphics assignments\Lighting Student Version\main.cpp(869,53): warning C4305: 'argument': truncation from 'double' to 'float'
C:\Users\User\Desktop\graphics assignments\Lighting Student Version\main.cpp(869,46): warning C4305: 'argument': truncation from 'double' to 'float'
C:\Users\User\Desktop\graphics assignments\Lighting Student Version\main.cpp(880,60): warning C4305: 'argument': truncation from 'double' to 'float'
C:\Users\User\Desktop\graphics assignments\Lighting Student Version\main.cpp(880,53): warning C4305: 'argument': truncation from 'double' to 'float'
C:\Users\User\Desktop\graphics assignments\Lighting Student Version\main.cpp(880,46): warning C4305: 'argument': truncation from 'double' to 'float'
C:\Users\User\Desktop\graphics assignments\Lighting Student Version\main.cpp(896,60): warning C4305: 'argument': truncation from 'double' to 'float'
C:\Users\User\Desktop\graphics assignments\Lighting Student Version\main.cpp(896,53): warning C4305: 'argument': truncation from 'double' to 'float'
C:\Users\User\Desktop\graphics assignments\Lighting Student Version\main.cpp(896,46): warning C4305: 'argument': truncation from 'double' to 'float'
C:\Users\User\Desktop\graphics assignments\Lighting Student Version\main.cpp(909,60): warning C4305: 'argument': truncation from 'double' to 'float'
C:\Users\User\Desktop\graphics assignments\Lighting Student Version\main.cpp(909,53): warning C4305: 'argument': truncation from 'double' to 'float'
C:\Users\User\Desktop\graphics assignments\Lighting Student Version\main.cpp(909,46): warning C4305: 'argument': truncation from 'double' to 'float'
C:\Users\User\Desktop\graphics assignments\Lighting Student Version\main.cpp(920,60): warning C4305: 'argument': truncation from 'double' to 'float'
C:\Users\User\Desktop\graphics assignments\Lighting Student Version\main.cpp(920,53): warning C4305: 'argument': truncation from 'double' to 'float'
C:\Users\User\Desktop\graphics assignments\Lighting Student Version\main.cpp(920,46): warning C4305: 'argument': truncation from 'double' to 'float'
C:\Users\User\Desktop\graphics assignments\Lighting Student Version\main.cpp(931,60): warning C4305: 'argument': truncation from 'double' to 'float'
C:\Users\User\Desktop\graphics assignments\Lighting Student Version\main.cpp(931,53): warning C4305: 'argument': truncation from 'double' to 'float'
C:\Users\User\Desktop\graphics assignments\Lighting Student Version\main.cpp(931,46): warning C4305: 'argument': truncation from 'double' to 'float'
C:\Users\User\Desktop\graphics assignments\Lighting Student Version\main.cpp(942,60): warning C4305: 'argument': truncation from 'double' to 'float'
C:\Users\User\Desktop\graphics assignments\Lighting Student Version\main.cpp(942,53): warning C4305: 'argument': truncation from 'double' to 'float'
C:\Users\User\Desktop\graphics assignments\Lighting Student Version\main.cpp(942,46): warning C4305: 'argument': truncation from 'double' to 'float'
C:\Users\User\Desktop\graphics assignments\Lighting Student Version\main.cpp(947,11): warning C4305: '=': truncation from 'double' to 'float'
C:\Users\User\Desktop\graphics assignments\Lighting Student Version\main.cpp(958,60): warning C4305: 'argument': truncation from 'double' to 'float'
C:\Users\User\Desktop\graphics assignments\Lighting Student Version\main.cpp(958,53): warning C4305: 'argument': truncation from 'double' to 'float'
C:\Users\User\Desktop\graphics assignments\Lighting Student Version\main.cpp(958,46): warning C4305: 'argument': truncation from 'double' to 'float'
C:\Users\User\Desktop\graphics assignments\Lighting Student Version\main.cpp(974,60): warning C4305: 'argument': truncation from 'double' to 'float'
C:\Users\User\Desktop\graphics assignments\Lighting Student Version\main.cpp(974,53): warning C4305: 'argument': truncation from 'double' to 'float'
C:\Users\User\Desktop\graphics assignments\Lighting Student Version\main.cpp(974,46): warning C4305: 'argument': truncation from 'double' to 'float'
C:\Users\User\Desktop\graphics assignments\Lighting Student Version\main.cpp(986,60): warning C4305: 'argument': truncation from 'double' to 'float'
C:\Users\User\Desktop\graphics assignments\Lighting Student Version\main.cpp(986,53): warning C4305: 'argument': truncation from 'double' to 'float'
C:\Users\User\Desktop\graphics assignments\Lighting Student Version\main.cpp(986,46): warning C4305: 'argument': truncation from 'double' to 'float'
C:\Users\User\Desktop\graphics assignments\Lighting Student Version\main.cpp(998,60): warning C4305: 'argument': truncation from 'double' to 'float'
C:\Users\User\Desktop\graphics assignments\Lighting Student Version\main.cpp(998,53): warning C4305: 'argument': truncation from 'double' to 'float'
C:\Users\User\Desktop\graphics assignments\Lighting Student Version\main.cpp(998,46): warning C4305: 'argument': truncation from 'double' to 'float'
C:\Users\User\Desktop\graphics assignments\Lighting Student Version\main.cpp(1010,60): warning C4305: 'argument': truncation from 'double' to 'float'
C:\Users\User\Desktop\graphics assignments\Lighting Student Version\main.cpp(1010,53): warning C4305: 'argument': truncation from 'double' to 'float'
C:\Users\User\Desktop\graphics assignments\Lighting Student Version\main.cpp(1010,46): warning C4305: 'argument': truncation from 'double' to 'float'
C:\Users\User\Desktop\graphics assignments\Lighting Student Version\main.cpp(1022,60): warning C4305: 'argument': truncation from 'double' to 'float'
C:\Users\User\Desktop\graphics assignments\Lighting Student Version\main.cpp(1022,53): warning C4305: 'argument': truncation from 'double' to 'float'
C:\Users\User\Desktop\graphics assignments\Lighting Student Version\main.cpp(1022,46): warning C4305: 'argument': truncation from 'double' to 'float'
C:\Users\User\Desktop\graphics assignments\Lighting Student Version\main.cpp(1143,75): warning C4305: '+=': truncation from 'double' to 'float'
C:\Users\User\Desktop\graphics assignments\Lighting Student Version\main.cpp(1144,75): warning C4305: '-=': truncation from 'double' to 'float'
C:\Users\User\Desktop\graphics assignments\Lighting Student Version\main.cpp(1145,75): warning C4305: '+=': truncation from 'double' to 'float'
C:\Users\User\Desktop\graphics assignments\Lighting Student Version\main.cpp(1146,75): warning C4305: '-=': truncation from 'double' to 'float'
C:\Users\User\Desktop\graphics assignments\Lighting Student Version\main.cpp(1147,75): warning C4305: '+=': truncation from 'double' to 'float'
glfw3.lib(init.obj) : warning LNK4099: PDB '' was not found with 'glfw3.lib(init.obj)' or at ''; linking object as if no debug info
glfw3.lib(window.obj) : warning LNK4099: PDB '' was not found with 'glfw3.lib(window.obj)' or at ''; linking object as if no debug info
glfw3.lib(input.obj) : warning LNK4099: PDB '' was not found with 'glfw3.lib(input.obj)' or at ''; linking object as if no debug info
glfw3.lib(context.obj) : warning LNK4099: PDB '' was not found with 'glfw3.lib(context.obj)' or at ''; linking object as if no debug info
glfw3.lib(win32_init.obj) : warning LNK4099: PDB '' was not found with 'glfw3.lib(win32_init.obj)' or at ''; linking object as if no debug info
glfw3.lib(win32_monitor.obj) : warning LNK4099: PDB '' was not found with 'glfw3.lib(win32_monitor.obj)' or at ''; linking object as if no debug info
glfw3.lib(win32_time.obj) : warning LNK4099: PDB '' was not found with 'glfw3.lib(win32_time.obj)' or at ''; linking object as if no debug info
glfw3.lib(win32_thread.obj) : warning LNK4099: PDB '' was not found with 'glfw3.lib(win32_thread.obj)' or at ''; linking object as if no debug info
glfw3.lib(monitor.obj) : warning LNK4099: PDB '' was not found with 'glfw3.lib(monitor.obj)' or at ''; linking object as if no debug info
glfw3.lib(vulkan.obj) : warning LNK4099: PDB '' was not found with 'glfw3.lib(vulkan.obj)' or at ''; linking object as if no debug info
glfw3.lib(win32_window.obj) : warning LNK4099: PDB '' was not found with 'glfw3.lib(win32_window.obj)' or at ''; linking object as if no debug info
glfw3.lib(win32_joystick.obj) : warning LNK4099: PDB '' was not found with 'glfw3.lib(win32_joystick.obj)' or at ''; linking object as if no debug info
glfw3.lib(wgl_context.obj) : warning LNK4099: PDB '' was not found with 'glfw3.lib(wgl_context.obj)' or at ''; linking object as if no debug info
glfw3.lib(egl_context.obj) : warning LNK4099: PDB '' was not found with 'glfw3.lib(egl_context.obj)' or at ''; linking object as if no debug info
glfw3.lib(osmesa_context.obj) : warning LNK4099: PDB '' was not found with 'glfw3.lib(osmesa_context.obj)' or at ''; linking object as if no debug info
  Lighting.vcxproj -> C:\Users\User\Desktop\graphics assignments\Lighting Student Version\x64\Debug\Lighting.exe
