  main.cpp
C:\Users\User\Desktop\graphics assignments\texture tamim\main.cpp(34,18): warning C4305: 'initializing': truncation from 'double' to 'float'
C:\Users\User\Desktop\graphics assignments\texture tamim\main.cpp(219,22): warning C4305: 'initializing': truncation from 'double' to 'float'
C:\Users\User\Desktop\graphics assignments\texture tamim\main.cpp(237,39): warning C4244: '=': conversion from 'double' to 'float', possible loss of data
C:\Users\User\Desktop\graphics assignments\texture tamim\main.cpp(238,42): warning C4244: '=': conversion from 'double' to 'float', possible loss of data
C:\Users\User\Desktop\graphics assignments\texture tamim\main.cpp(249,41): warning C4244: '=': conversion from 'double' to 'float', possible loss of data
C:\Users\User\Desktop\graphics assignments\texture tamim\main.cpp(250,42): warning C4244: '=': conversion from 'double' to 'float', possible loss of data
C:\Users\User\Desktop\graphics assignments\texture tamim\main.cpp(512,57): warning C4267: 'argument': conversion from 'size_t' to 'GLsizei', possible loss of data
C:\Users\User\Desktop\graphics assignments\texture tamim\main.cpp(524,57): warning C4267: 'argument': conversion from 'size_t' to 'GLsizei', possible loss of data
C:\Users\User\Desktop\graphics assignments\texture tamim\main.cpp(537,57): warning C4267: 'argument': conversion from 'size_t' to 'GLsizei', possible loss of data
C:\Users\User\Desktop\graphics assignments\texture tamim\main.cpp(550,57): warning C4267: 'argument': conversion from 'size_t' to 'GLsizei', possible loss of data
C:\Users\User\Desktop\graphics assignments\texture tamim\main.cpp(637,22): warning C4305: '=': truncation from 'double' to 'float'
C:\Users\User\Desktop\graphics assignments\texture tamim\main.cpp(848,17): warning C4305: 'initializing': truncation from 'double' to 'float'
C:\Users\User\Desktop\graphics assignments\texture tamim\main.cpp(850,17): warning C4305: 'initializing': truncation from 'double' to 'float'
C:\Users\User\Desktop\graphics assignments\texture tamim\main.cpp(852,24): warning C4305: 'initializing': truncation from 'double' to 'float'
C:\Users\User\Desktop\graphics assignments\texture tamim\main.cpp(853,25): warning C4305: 'initializing': truncation from 'double' to 'float'
C:\Users\User\Desktop\graphics assignments\texture tamim\main.cpp(863,60): warning C4305: 'argument': truncation from 'double' to 'float'
C:\Users\User\Desktop\graphics assignments\texture tamim\main.cpp(863,53): warning C4305: 'argument': truncation from 'double' to 'float'
C:\Users\User\Desktop\graphics assignments\texture tamim\main.cpp(863,46): warning C4305: 'argument': truncation from 'double' to 'float'
C:\Users\User\Desktop\graphics assignments\texture tamim\main.cpp(874,60): warning C4305: 'argument': truncation from 'double' to 'float'
C:\Users\User\Desktop\graphics assignments\texture tamim\main.cpp(874,53): warning C4305: 'argument': truncation from 'double' to 'float'
C:\Users\User\Desktop\graphics assignments\texture tamim\main.cpp(874,46): warning C4305: 'argument': truncation from 'double' to 'float'
C:\Users\User\Desktop\graphics assignments\texture tamim\main.cpp(885,60): warning C4305: 'argument': truncation from 'double' to 'float'
C:\Users\User\Desktop\graphics assignments\texture tamim\main.cpp(885,53): warning C4305: 'argument': truncation from 'double' to 'float'
C:\Users\User\Desktop\graphics assignments\texture tamim\main.cpp(885,46): warning C4305: 'argument': truncation from 'double' to 'float'
C:\Users\User\Desktop\graphics assignments\texture tamim\main.cpp(896,60): warning C4305: 'argument': truncation from 'double' to 'float'
C:\Users\User\Desktop\graphics assignments\texture tamim\main.cpp(896,53): warning C4305: 'argument': truncation from 'double' to 'float'
C:\Users\User\Desktop\graphics assignments\texture tamim\main.cpp(896,46): warning C4305: 'argument': truncation from 'double' to 'float'
C:\Users\User\Desktop\graphics assignments\texture tamim\main.cpp(907,60): warning C4305: 'argument': truncation from 'double' to 'float'
C:\Users\User\Desktop\graphics assignments\texture tamim\main.cpp(907,53): warning C4305: 'argument': truncation from 'double' to 'float'
C:\Users\User\Desktop\graphics assignments\texture tamim\main.cpp(907,46): warning C4305: 'argument': truncation from 'double' to 'float'
C:\Users\User\Desktop\graphics assignments\texture tamim\main.cpp(929,18): warning C4305: '=': truncation from 'double' to 'float'
C:\Users\User\Desktop\graphics assignments\texture tamim\main.cpp(948,60): warning C4305: 'argument': truncation from 'double' to 'float'
C:\Users\User\Desktop\graphics assignments\texture tamim\main.cpp(948,53): warning C4305: 'argument': truncation from 'double' to 'float'
C:\Users\User\Desktop\graphics assignments\texture tamim\main.cpp(948,46): warning C4305: 'argument': truncation from 'double' to 'float'
C:\Users\User\Desktop\graphics assignments\texture tamim\main.cpp(983,60): warning C4305: 'argument': truncation from 'double' to 'float'
C:\Users\User\Desktop\graphics assignments\texture tamim\main.cpp(983,53): warning C4305: 'argument': truncation from 'double' to 'float'
C:\Users\User\Desktop\graphics assignments\texture tamim\main.cpp(983,46): warning C4305: 'argument': truncation from 'double' to 'float'
C:\Users\User\Desktop\graphics assignments\texture tamim\main.cpp(1018,59): warning C4305: 'argument': truncation from 'double' to 'float'
C:\Users\User\Desktop\graphics assignments\texture tamim\main.cpp(1018,52): warning C4305: 'argument': truncation from 'double' to 'float'
C:\Users\User\Desktop\graphics assignments\texture tamim\main.cpp(1018,46): warning C4305: 'argument': truncation from 'double' to 'float'
C:\Users\User\Desktop\graphics assignments\texture tamim\main.cpp(1029,60): warning C4305: 'argument': truncation from 'double' to 'float'
C:\Users\User\Desktop\graphics assignments\texture tamim\main.cpp(1029,53): warning C4305: 'argument': truncation from 'double' to 'float'
C:\Users\User\Desktop\graphics assignments\texture tamim\main.cpp(1029,46): warning C4305: 'argument': truncation from 'double' to 'float'
C:\Users\User\Desktop\graphics assignments\texture tamim\main.cpp(1040,60): warning C4305: 'argument': truncation from 'double' to 'float'
C:\Users\User\Desktop\graphics assignments\texture tamim\main.cpp(1040,53): warning C4305: 'argument': truncation from 'double' to 'float'
C:\Users\User\Desktop\graphics assignments\texture tamim\main.cpp(1040,46): warning C4305: 'argument': truncation from 'double' to 'float'
C:\Users\User\Desktop\graphics assignments\texture tamim\main.cpp(1051,60): warning C4305: 'argument': truncation from 'double' to 'float'
C:\Users\User\Desktop\graphics assignments\texture tamim\main.cpp(1051,53): warning C4305: 'argument': truncation from 'double' to 'float'
C:\Users\User\Desktop\graphics assignments\texture tamim\main.cpp(1051,46): warning C4305: 'argument': truncation from 'double' to 'float'
C:\Users\User\Desktop\graphics assignments\texture tamim\main.cpp(1063,60): warning C4305: 'argument': truncation from 'double' to 'float'
C:\Users\User\Desktop\graphics assignments\texture tamim\main.cpp(1063,53): warning C4305: 'argument': truncation from 'double' to 'float'
C:\Users\User\Desktop\graphics assignments\texture tamim\main.cpp(1063,46): warning C4305: 'argument': truncation from 'double' to 'float'
C:\Users\User\Desktop\graphics assignments\texture tamim\main.cpp(1074,60): warning C4305: 'argument': truncation from 'double' to 'float'
C:\Users\User\Desktop\graphics assignments\texture tamim\main.cpp(1074,53): warning C4305: 'argument': truncation from 'double' to 'float'
C:\Users\User\Desktop\graphics assignments\texture tamim\main.cpp(1074,46): warning C4305: 'argument': truncation from 'double' to 'float'
C:\Users\User\Desktop\graphics assignments\texture tamim\main.cpp(1085,60): warning C4305: 'argument': truncation from 'double' to 'float'
C:\Users\User\Desktop\graphics assignments\texture tamim\main.cpp(1085,53): warning C4305: 'argument': truncation from 'double' to 'float'
C:\Users\User\Desktop\graphics assignments\texture tamim\main.cpp(1085,46): warning C4305: 'argument': truncation from 'double' to 'float'
C:\Users\User\Desktop\graphics assignments\texture tamim\main.cpp(1096,60): warning C4305: 'argument': truncation from 'double' to 'float'
C:\Users\User\Desktop\graphics assignments\texture tamim\main.cpp(1096,53): warning C4305: 'argument': truncation from 'double' to 'float'
C:\Users\User\Desktop\graphics assignments\texture tamim\main.cpp(1096,46): warning C4305: 'argument': truncation from 'double' to 'float'
C:\Users\User\Desktop\graphics assignments\texture tamim\main.cpp(1112,60): warning C4305: 'argument': truncation from 'double' to 'float'
C:\Users\User\Desktop\graphics assignments\texture tamim\main.cpp(1112,53): warning C4305: 'argument': truncation from 'double' to 'float'
C:\Users\User\Desktop\graphics assignments\texture tamim\main.cpp(1112,46): warning C4305: 'argument': truncation from 'double' to 'float'
C:\Users\User\Desktop\graphics assignments\texture tamim\main.cpp(1125,60): warning C4305: 'argument': truncation from 'double' to 'float'
C:\Users\User\Desktop\graphics assignments\texture tamim\main.cpp(1125,53): warning C4305: 'argument': truncation from 'double' to 'float'
C:\Users\User\Desktop\graphics assignments\texture tamim\main.cpp(1125,46): warning C4305: 'argument': truncation from 'double' to 'float'
C:\Users\User\Desktop\graphics assignments\texture tamim\main.cpp(1136,60): warning C4305: 'argument': truncation from 'double' to 'float'
C:\Users\User\Desktop\graphics assignments\texture tamim\main.cpp(1136,53): warning C4305: 'argument': truncation from 'double' to 'float'
C:\Users\User\Desktop\graphics assignments\texture tamim\main.cpp(1136,46): warning C4305: 'argument': truncation from 'double' to 'float'
C:\Users\User\Desktop\graphics assignments\texture tamim\main.cpp(1147,60): warning C4305: 'argument': truncation from 'double' to 'float'
C:\Users\User\Desktop\graphics assignments\texture tamim\main.cpp(1147,53): warning C4305: 'argument': truncation from 'double' to 'float'
C:\Users\User\Desktop\graphics assignments\texture tamim\main.cpp(1147,46): warning C4305: 'argument': truncation from 'double' to 'float'
C:\Users\User\Desktop\graphics assignments\texture tamim\main.cpp(1158,60): warning C4305: 'argument': truncation from 'double' to 'float'
C:\Users\User\Desktop\graphics assignments\texture tamim\main.cpp(1158,53): warning C4305: 'argument': truncation from 'double' to 'float'
C:\Users\User\Desktop\graphics assignments\texture tamim\main.cpp(1158,46): warning C4305: 'argument': truncation from 'double' to 'float'
C:\Users\User\Desktop\graphics assignments\texture tamim\main.cpp(1163,11): warning C4305: '=': truncation from 'double' to 'float'
C:\Users\User\Desktop\graphics assignments\texture tamim\main.cpp(1174,60): warning C4305: 'argument': truncation from 'double' to 'float'
C:\Users\User\Desktop\graphics assignments\texture tamim\main.cpp(1174,53): warning C4305: 'argument': truncation from 'double' to 'float'
C:\Users\User\Desktop\graphics assignments\texture tamim\main.cpp(1174,46): warning C4305: 'argument': truncation from 'double' to 'float'
C:\Users\User\Desktop\graphics assignments\texture tamim\main.cpp(1190,60): warning C4305: 'argument': truncation from 'double' to 'float'
C:\Users\User\Desktop\graphics assignments\texture tamim\main.cpp(1190,53): warning C4305: 'argument': truncation from 'double' to 'float'
C:\Users\User\Desktop\graphics assignments\texture tamim\main.cpp(1190,46): warning C4305: 'argument': truncation from 'double' to 'float'
C:\Users\User\Desktop\graphics assignments\texture tamim\main.cpp(1202,60): warning C4305: 'argument': truncation from 'double' to 'float'
C:\Users\User\Desktop\graphics assignments\texture tamim\main.cpp(1202,53): warning C4305: 'argument': truncation from 'double' to 'float'
C:\Users\User\Desktop\graphics assignments\texture tamim\main.cpp(1202,46): warning C4305: 'argument': truncation from 'double' to 'float'
C:\Users\User\Desktop\graphics assignments\texture tamim\main.cpp(1214,60): warning C4305: 'argument': truncation from 'double' to 'float'
C:\Users\User\Desktop\graphics assignments\texture tamim\main.cpp(1214,53): warning C4305: 'argument': truncation from 'double' to 'float'
C:\Users\User\Desktop\graphics assignments\texture tamim\main.cpp(1214,46): warning C4305: 'argument': truncation from 'double' to 'float'
C:\Users\User\Desktop\graphics assignments\texture tamim\main.cpp(1226,60): warning C4305: 'argument': truncation from 'double' to 'float'
C:\Users\User\Desktop\graphics assignments\texture tamim\main.cpp(1226,53): warning C4305: 'argument': truncation from 'double' to 'float'
C:\Users\User\Desktop\graphics assignments\texture tamim\main.cpp(1226,46): warning C4305: 'argument': truncation from 'double' to 'float'
C:\Users\User\Desktop\graphics assignments\texture tamim\main.cpp(1238,60): warning C4305: 'argument': truncation from 'double' to 'float'
C:\Users\User\Desktop\graphics assignments\texture tamim\main.cpp(1238,53): warning C4305: 'argument': truncation from 'double' to 'float'
C:\Users\User\Desktop\graphics assignments\texture tamim\main.cpp(1238,46): warning C4305: 'argument': truncation from 'double' to 'float'
C:\Users\User\Desktop\graphics assignments\texture tamim\main.cpp(1359,75): warning C4305: '+=': truncation from 'double' to 'float'
C:\Users\User\Desktop\graphics assignments\texture tamim\main.cpp(1360,75): warning C4305: '-=': truncation from 'double' to 'float'
C:\Users\User\Desktop\graphics assignments\texture tamim\main.cpp(1361,75): warning C4305: '+=': truncation from 'double' to 'float'
C:\Users\User\Desktop\graphics assignments\texture tamim\main.cpp(1362,75): warning C4305: '-=': truncation from 'double' to 'float'
C:\Users\User\Desktop\graphics assignments\texture tamim\main.cpp(1363,75): warning C4305: '+=': truncation from 'double' to 'float'
glfw3.lib(init.obj) : warning LNK4099: PDB '' was not found with 'glfw3.lib(init.obj)' or at ''; linking object as if no debug info
glfw3.lib(window.obj) : warning LNK4099: PDB '' was not found with 'glfw3.lib(window.obj)' or at ''; linking object as if no debug info
glfw3.lib(input.obj) : warning LNK4099: PDB '' was not found with 'glfw3.lib(input.obj)' or at ''; linking object as if no debug info
glfw3.lib(context.obj) : warning LNK4099: PDB '' was not found with 'glfw3.lib(context.obj)' or at ''; linking object as if no debug info
glfw3.lib(win32_init.obj) : warning LNK4099: PDB '' was not found with 'glfw3.lib(win32_init.obj)' or at ''; linking object as if no debug info
glfw3.lib(win32_monitor.obj) : warning LNK4099: PDB '' was not found with 'glfw3.lib(win32_monitor.obj)' or at ''; linking object as if no debug info
glfw3.lib(win32_time.obj) : warning LNK4099: PDB '' was not found with 'glfw3.lib(win32_time.obj)' or at ''; linking object as if no debug info
glfw3.lib(win32_thread.obj) : warning LNK4099: PDB '' was not found with 'glfw3.lib(win32_thread.obj)' or at ''; linking object as if no debug info
glfw3.lib(monitor.obj) : warning LNK4099: PDB '' was not found with 'glfw3.lib(monitor.obj)' or at ''; linking object as if no debug info
glfw3.lib(vulkan.obj) : warning LNK4099: PDB '' was not found with 'glfw3.lib(vulkan.obj)' or at ''; linking object as if no debug info
glfw3.lib(win32_window.obj) : warning LNK4099: PDB '' was not found with 'glfw3.lib(win32_window.obj)' or at ''; linking object as if no debug info
glfw3.lib(win32_joystick.obj) : warning LNK4099: PDB '' was not found with 'glfw3.lib(win32_joystick.obj)' or at ''; linking object as if no debug info
glfw3.lib(wgl_context.obj) : warning LNK4099: PDB '' was not found with 'glfw3.lib(wgl_context.obj)' or at ''; linking object as if no debug info
glfw3.lib(egl_context.obj) : warning LNK4099: PDB '' was not found with 'glfw3.lib(egl_context.obj)' or at ''; linking object as if no debug info
glfw3.lib(osmesa_context.obj) : warning LNK4099: PDB '' was not found with 'glfw3.lib(osmesa_context.obj)' or at ''; linking object as if no debug info
  Lighting.vcxproj -> C:\Users\User\Desktop\graphics assignments\texture tamim\x64\Debug\Lighting.exe
